<?xml version="1.0" encoding="UTF-8"?>
<!-- Generated by org.testng.reporters.JUnitReportReporter -->
<testsuite hostname="DESKTOP-NJIDS5E" failures="0" tests="18" name="testngpack.Flag7" time="0.035" errors="0" timestamp="2022-06-06T09:21:19 IST" skipped="0">
  <testcase classname="testngpack.Flag7" name="St3" time="0.002"/>
  <system-out>
    <![CDATA[St3]]>
  </system-out>
  <testcase classname="testngpack.Flag7" name="ft4" time="0.002"/>
  <system-out>
    <![CDATA[ft4]]>
  </system-out>
  <testcase classname="testngpack.Flag7" name="ft6" time="0.002"/>
  <system-out>
    <![CDATA[ft6]]>
  </system-out>
  <testcase classname="testngpack.Flag7" name="ft2" time="0.002"/>
  <system-out>
    <![CDATA[ft2]]>
  </system-out>
  <testcase classname="testngpack.Flag7" name="ft5" time="0.002"/>
  <system-out>
    <![CDATA[ft5]]>
  </system-out>
  <testcase classname="testngpack.Flag7" name="it4" time="0.001"/>
  <system-out>
    <![CDATA[it4]]>
  </system-out>
  <testcase classname="testngpack.Flag7" name="St1" time="0.002"/>
  <system-out>
    <![CDATA[St1]]>
  </system-out>
  <testcase classname="testngpack.Flag7" name="St5" time="0.001"/>
  <system-out>
    <![CDATA[St5]]>
  </system-out>
  <testcase classname="testngpack.Flag7" name="it3" time="0.002"/>
  <system-out>
    <![CDATA[it3]]>
  </system-out>
  <testcase classname="testngpack.Flag7" name="ft3" time="0.002"/>
  <system-out>
    <![CDATA[ft3]]>
  </system-out>
  <testcase classname="testngpack.Flag7" name="it5" time="0.001"/>
  <system-out>
    <![CDATA[it5]]>
  </system-out>
  <testcase classname="testngpack.Flag7" name="ft1" time="0.001"/>
  <system-out>
    <![CDATA[ft1]]>
  </system-out>
  <testcase classname="testngpack.Flag7" name="st2" time="0.001"/>
  <system-out>
    <![CDATA[st2]]>
  </system-out>
  <testcase classname="testngpack.Flag7" name="it6" time="0.001"/>
  <system-out>
    <![CDATA[it6]]>
  </system-out>
  <testcase classname="testngpack.Flag7" name="It3" time="0.010"/>
  <system-out>
    <![CDATA[It3]]>
  </system-out>
  <testcase classname="testngpack.Flag7" name="St6" time="0.001"/>
  <system-out>
    <![CDATA[St6]]>
  </system-out>
  <testcase classname="testngpack.Flag7" name="it1" time="0.001"/>
  <system-out>
    <![CDATA[it1]]>
  </system-out>
  <testcase classname="testngpack.Flag7" name="St4" time="0.001"/>
  <system-out>
    <![CDATA[St4]]>
  </system-out>
</testsuite> <!-- testngpack.Flag7 -->
